Mystery Lunch Planner
$: Manage events
Manage events
$> 'Manage events'
manage events
manage events
$> Welcome to managing events. What do you want to do?
$> - (C) Create new event
$> - (S) Show all events
S
$> -- Mystery Lunch 1
$> --- 2018-11-01T00:00:00.000Z
$> --- Sebastian,Janine
$: S
$> -- Mystery Lunch 1
$> --- 2018-11-01T00:00:00.000Z
$> --- Sebastian,Janine
$: C
$? -> What is the Name of the event?
$: The created event :: [object Object]
Mystery Lunch 1
Mystery Lunch 1
$> 'Mystery Lunch 1'
$: $? -> When is the event going to happen?
$: 2018-11-01
2018-11-01
$> '2018-11-01'
$: $? -> When is the event going to happen?
$: $? -> Who is participating?
$: Me, You
Me, You
$> 'Me, You'
$: $? -> When is the event going to happen?
$: $? -> Who is participating?
$: $? -> Who is participating?
$: Me
Me
$> 'Me'
$: $? -> When is the event going to happen?
$: $? -> Who is participating?
$: $? -> Who is participating?
$: $? -> Who is participating?
$: (node:15988) MaxListenersExceededWarning: Possible EventEmitter memory leak detected. 11 data listeners added. Use emitter.setMaxListeners() to increase limit